2025-07-23T21:11:29.993+05:30 2025-07-23 21:11:29 INFO  [main] c.a.s.s.AuthServiceApiApplication:53 - Starting AuthServiceApiApplication using Java 21.0.5 with PID 4288 (E:\Practic-2025\Auth-Service-API\target\classes started by kaush in E:\Practic-2025\Auth-Service-API)
 4288 --- [Auth-Service-API] [main] c.a.s.s.AuthServiceApiApplication        : Starting AuthServiceApiApplication using Java 21.0.5 with PID 4288 (E:\Practic-2025\Auth-Service-API\target\classes started by kaush in E:\Practic-2025\Auth-Service-API)
2025-07-23T21:11:30.015+05:30 2025-07-23 21:11:30 INFO  [main] c.a.s.s.AuthServiceApiApplication:658 - The following 1 profile is active: "dev"
 4288 --- [Auth-Service-API] [main] c.a.s.s.AuthServiceApiApplication        : The following 1 profile is active: "dev"
2025-07-23T21:11:33.997+05:30 2025-07-23 21:11:33 INFO  [main] o.s.d.r.c.RepositoryConfigurationDelegate:145 - Bootstrapping Spring Data JPA repositories in DEFAULT mode.
 4288 --- [Auth-Service-API] [main] .s.d.r.c.RepositoryConfigurationDelegate : Bootstrapping Spring Data JPA repositories in DEFAULT mode.
2025-07-23T21:11:34.068+05:30 2025-07-23 21:11:34 INFO  [main] o.s.d.r.c.RepositoryConfigurationDelegate:213 - Finished Spring Data repository scanning in 38 ms. Found 0 JPA repository interfaces.
 4288 --- [Auth-Service-API] [main] .s.d.r.c.RepositoryConfigurationDelegate : Finished Spring Data repository scanning in 38 ms. Found 0 JPA repository interfaces.
2025-07-23T21:11:35.672+05:30 2025-07-23 21:11:35 INFO  [main] o.s.b.w.e.t.TomcatWebServer:111 - Tomcat initialized with port 8080 (http)
 4288 --- [Auth-Service-API] [main] o.s.b.w.embedded.tomcat.TomcatWebServer  : Tomcat initialized with port 8080 (http)
2025-07-23T21:11:35.714+05:30 2025-07-23 21:11:35 INFO  [main] o.a.c.c.StandardService:168 - Starting service [Tomcat]
 4288 --- [Auth-Service-API] [main] o.apache.catalina.core.StandardService   : Starting service [Tomcat]
2025-07-23T21:11:35.716+05:30 2025-07-23 21:11:35 INFO  [main] o.a.c.c.StandardEngine:168 - Starting Servlet engine: [Apache Tomcat/10.1.42]
 4288 --- [Auth-Service-API] [main] o.apache.catalina.core.StandardEngine    : Starting Servlet engine: [Apache Tomcat/10.1.42]
2025-07-23T21:11:35.889+05:30 2025-07-23 21:11:35 INFO  [main] o.a.c.c.C.[.[.[/]:168 - Initializing Spring embedded WebApplicationContext
 4288 --- [Auth-Service-API] [main] o.a.c.c.C.[Tomcat].[localhost].[/]       : Initializing Spring embedded WebApplicationContext
2025-07-23T21:11:35.897+05:30 2025-07-23 21:11:35 INFO  [main] o.s.b.w.s.c.ServletWebServerApplicationContext:301 - Root WebApplicationContext: initialization completed in 5272 ms
 4288 --- [Auth-Service-API] [main] w.s.c.ServletWebServerApplicationContext : Root WebApplicationContext: initialization completed in 5272 ms
2025-07-23T21:11:36.761+05:30 2025-07-23 21:11:36 INFO  [main] o.h.j.i.u.LogHelper:31 - HHH000204: Processing PersistenceUnitInfo [name: default]
 4288 --- [Auth-Service-API] [main] o.hibernate.jpa.internal.util.LogHelper  : HHH000204: Processing PersistenceUnitInfo [name: default]
2025-07-23T21:11:37.098+05:30 2025-07-23 21:11:37 INFO  [main] o.h.Version:44 - HHH000412: Hibernate ORM core version 6.6.18.Final
 4288 --- [Auth-Service-API] [main] org.hibernate.Version                    : HHH000412: Hibernate ORM core version 6.6.18.Final
2025-07-23T21:11:37.312+05:30 2025-07-23 21:11:37 INFO  [main] o.h.c.i.RegionFactoryInitiator:50 - HHH000026: Second-level cache disabled
 4288 --- [Auth-Service-API] [main] o.h.c.internal.RegionFactoryInitiator    : HHH000026: Second-level cache disabled
2025-07-23T21:11:38.571+05:30 2025-07-23 21:11:38 INFO  [main] o.s.o.j.p.SpringPersistenceUnitInfo:87 - No LoadTimeWeaver setup: ignoring JPA class transformer
 4288 --- [Auth-Service-API] [main] o.s.o.j.p.SpringPersistenceUnitInfo      : No LoadTimeWeaver setup: ignoring JPA class transformer
2025-07-23T21:11:38.686+05:30 2025-07-23 21:11:38 INFO  [main] c.z.h.HikariDataSource:109 - HikariPool-1 - Starting...
 4288 --- [Auth-Service-API] [main] com.zaxxer.hikari.HikariDataSource       : HikariPool-1 - Starting...
2025-07-23T21:11:40.272+05:30 2025-07-23 21:11:40 INFO  [main] c.z.h.p.HikariPool:575 - HikariPool-1 - Added connection com.mysql.cj.jdbc.ConnectionImpl@23e9dd78
 4288 --- [Auth-Service-API] [main] com.zaxxer.hikari.pool.HikariPool        : HikariPool-1 - Added connection com.mysql.cj.jdbc.ConnectionImpl@23e9dd78
2025-07-23T21:11:40.278+05:30 2025-07-23 21:11:40 INFO  [main] c.z.h.HikariDataSource:122 - HikariPool-1 - Start completed.
 4288 --- [Auth-Service-API] [main] com.zaxxer.hikari.HikariDataSource       : HikariPool-1 - Start completed.
2025-07-23T21:11:40.669+05:30 2025-07-23 21:11:40 INFO  [main] o.h.o.c.pooling:163 - HHH10001005: Database info:
	Database JDBC URL [Connecting through datasource 'HikariDataSource (HikariPool-1)']
	Database driver: undefined/unknown
	Database version: 8.0.41
	Autocommit mode: undefined/unknown
	Isolation level: undefined/unknown
	Minimum pool size: undefined/unknown
	Maximum pool size: undefined/unknown
 4288 --- [Auth-Service-API] [main] org.hibernate.orm.connections.pooling    : HHH10001005: Database info:
	Database JDBC URL [Connecting through datasource 'HikariDataSource (HikariPool-1)']
	Database driver: undefined/unknown
	Database version: 8.0.41
	Autocommit mode: undefined/unknown
	Isolation level: undefined/unknown
	Minimum pool size: undefined/unknown
	Maximum pool size: undefined/unknown
2025-07-23T21:11:43.057+05:30 2025-07-23 21:11:43 INFO  [main] o.h.e.t.j.p.i.JtaPlatformInitiator:59 - HHH000489: No JTA platform available (set 'hibernate.transaction.jta.platform' to enable JTA platform integration)
 4288 --- [Auth-Service-API] [main] o.h.e.t.j.p.i.JtaPlatformInitiator       : HHH000489: No JTA platform available (set 'hibernate.transaction.jta.platform' to enable JTA platform integration)
2025-07-23T21:11:43.190+05:30 2025-07-23 21:11:43 INFO  [main] o.s.o.j.LocalContainerEntityManagerFactoryBean:447 - Initialized JPA EntityManagerFactory for persistence unit 'default'
 4288 --- [Auth-Service-API] [main] j.LocalContainerEntityManagerFactoryBean : Initialized JPA EntityManagerFactory for persistence unit 'default'
2025-07-23T21:11:43.280+05:30 2025-07-23 21:11:43 INFO  [main] o.s.s.c.a.a.c.InitializeUserDetailsBeanManagerConfigurer$InitializeUserDetailsManagerConfigurer:110 - Global AuthenticationManager configured with UserDetailsService bean with name customeUserDetailsService
 4288 --- [Auth-Service-API] [main] r$InitializeUserDetailsManagerConfigurer : Global AuthenticationManager configured with UserDetailsService bean with name customeUserDetailsService
2025-07-23T21:11:43.371+05:30 2025-07-23 21:11:43 WARN  [main] o.s.b.a.o.j.JpaBaseConfiguration$JpaWebConfiguration:258 - spring.jpa.open-in-view is enabled by default. Therefore, database queries may be performed during view rendering. Explicitly configure spring.jpa.open-in-view to disable this warning
 4288 --- [Auth-Service-API] [main] JpaBaseConfiguration$JpaWebConfiguration : spring.jpa.open-in-view is enabled by default. Therefore, database queries may be performed during view rendering. Explicitly configure spring.jpa.open-in-view to disable this warning
2025-07-23T21:11:44.068+05:30 2025-07-23 21:11:44 INFO  [main] o.s.b.a.e.w.EndpointLinksResolver:60 - Exposing 1 endpoint beneath base path '/actuator'
 4288 --- [Auth-Service-API] [main] o.s.b.a.e.web.EndpointLinksResolver      : Exposing 1 endpoint beneath base path '/actuator'
2025-07-23T21:11:44.647+05:30 2025-07-23 21:11:44 INFO  [main] o.s.v.b.OptionalValidatorFactoryBean:48 - Failed to set up a Bean Validation provider: jakarta.validation.NoProviderFoundException: Unable to create a Configuration, because no Jakarta Bean Validation provider could be found. Add a provider like Hibernate Validator (RI) to your classpath.
 4288 --- [Auth-Service-API] [main] o.s.v.b.OptionalValidatorFactoryBean     : Failed to set up a Bean Validation provider: jakarta.validation.NoProviderFoundException: Unable to create a Configuration, because no Jakarta Bean Validation provider could be found. Add a provider like Hibernate Validator (RI) to your classpath.
2025-07-23T21:11:45.640+05:30 2025-07-23 21:11:45 INFO  [main] o.s.b.w.e.t.TomcatWebServer:243 - Tomcat started on port 8080 (http) with context path '/'
 4288 --- [Auth-Service-API] [main] o.s.b.w.embedded.tomcat.TomcatWebServer  : Tomcat started on port 8080 (http) with context path '/'
2025-07-23T21:11:45.693+05:30 2025-07-23 21:11:45 INFO  [main] c.a.s.s.AuthServiceApiApplication:59 - Started AuthServiceApiApplication in 17.586 seconds (process running for 18.846)
 4288 --- [Auth-Service-API] [main] c.a.s.s.AuthServiceApiApplication        : Started AuthServiceApiApplication in 17.586 seconds (process running for 18.846)
2025-07-23T21:12:26.219+05:30 2025-07-23 21:12:26 INFO  [http-nio-8080-exec-2] o.a.c.c.C.[.[.[/]:168 - Initializing Spring DispatcherServlet 'dispatcherServlet'
 4288 --- [Auth-Service-API] [http-nio-8080-exec-2] o.a.c.c.C.[Tomcat].[localhost].[/]       : Initializing Spring DispatcherServlet 'dispatcherServlet'
2025-07-23T21:12:26.221+05:30 2025-07-23 21:12:26 INFO  [http-nio-8080-exec-2] o.s.w.s.DispatcherServlet:532 - Initializing Servlet 'dispatcherServlet'
 4288 --- [Auth-Service-API] [http-nio-8080-exec-2] o.s.web.servlet.DispatcherServlet        : Initializing Servlet 'dispatcherServlet'
2025-07-23T21:12:26.460+05:30 2025-07-23 21:12:26 INFO  [http-nio-8080-exec-2] o.s.w.s.DispatcherServlet:554 - Completed initialization in 36 ms
 4288 --- [Auth-Service-API] [http-nio-8080-exec-2] o.s.web.servlet.DispatcherServlet        : Completed initialization in 36 ms
2025-07-23T21:12:31.679+05:30 2025-07-23 21:12:31 INFO  [http-nio-8080-exec-2] c.a.s.s.c.AuthSecurityController:29 - ---------info------: c1@gmail.com
 4288 --- [Auth-Service-API] [http-nio-8080-exec-2] c.a.s.s.c.AuthSecurityController         : ---------info------: c1@gmail.com
2025-07-23T21:12:32.909+05:30 2025-07-23 21:12:32 WARN  [http-nio-8080-exec-2] o.a.c.u.SessionIdGeneratorBase:168 - Creation of SecureRandom instance for session ID generation using [SHA1PRNG] took [314] milliseconds.
 4288 --- [Auth-Service-API] [http-nio-8080-exec-2] o.a.c.util.SessionIdGeneratorBase        : Creation of SecureRandom instance for session ID generation using [SHA1PRNG] took [314] milliseconds.
2025-07-23T21:14:47.965+05:30 2025-07-23 21:14:47 INFO  [main] c.a.s.s.AuthServiceApiApplication:53 - Starting AuthServiceApiApplication using Java 21.0.5 with PID 16512 (E:\Practic-2025\Auth-Service-API\target\classes started by kaush in E:\Practic-2025\Auth-Service-API)
 16512 --- [Auth-Service-API] [main] c.a.s.s.AuthServiceApiApplication        : Starting AuthServiceApiApplication using Java 21.0.5 with PID 16512 (E:\Practic-2025\Auth-Service-API\target\classes started by kaush in E:\Practic-2025\Auth-Service-API)
2025-07-23T21:14:47.972+05:30 2025-07-23 21:14:47 INFO  [main] c.a.s.s.AuthServiceApiApplication:658 - The following 1 profile is active: "dev"
 16512 --- [Auth-Service-API] [main] c.a.s.s.AuthServiceApiApplication        : The following 1 profile is active: "dev"
2025-07-23T21:14:51.036+05:30 2025-07-23 21:14:51 INFO  [main] o.s.d.r.c.RepositoryConfigurationDelegate:145 - Bootstrapping Spring Data JPA repositories in DEFAULT mode.
 16512 --- [Auth-Service-API] [main] .s.d.r.c.RepositoryConfigurationDelegate : Bootstrapping Spring Data JPA repositories in DEFAULT mode.
2025-07-23T21:14:51.111+05:30 2025-07-23 21:14:51 INFO  [main] o.s.d.r.c.RepositoryConfigurationDelegate:213 - Finished Spring Data repository scanning in 42 ms. Found 0 JPA repository interfaces.
 16512 --- [Auth-Service-API] [main] .s.d.r.c.RepositoryConfigurationDelegate : Finished Spring Data repository scanning in 42 ms. Found 0 JPA repository interfaces.
2025-07-23T21:14:52.652+05:30 2025-07-23 21:14:52 INFO  [main] o.s.b.w.e.t.TomcatWebServer:111 - Tomcat initialized with port 8080 (http)
 16512 --- [Auth-Service-API] [main] o.s.b.w.embedded.tomcat.TomcatWebServer  : Tomcat initialized with port 8080 (http)
2025-07-23T21:14:52.693+05:30 2025-07-23 21:14:52 INFO  [main] o.a.c.c.StandardService:168 - Starting service [Tomcat]
 16512 --- [Auth-Service-API] [main] o.apache.catalina.core.StandardService   : Starting service [Tomcat]
2025-07-23T21:14:52.694+05:30 2025-07-23 21:14:52 INFO  [main] o.a.c.c.StandardEngine:168 - Starting Servlet engine: [Apache Tomcat/10.1.42]
 16512 --- [Auth-Service-API] [main] o.apache.catalina.core.StandardEngine    : Starting Servlet engine: [Apache Tomcat/10.1.42]
2025-07-23T21:14:52.852+05:30 2025-07-23 21:14:52 INFO  [main] o.a.c.c.C.[.[.[/]:168 - Initializing Spring embedded WebApplicationContext
 16512 --- [Auth-Service-API] [main] o.a.c.c.C.[Tomcat].[localhost].[/]       : Initializing Spring embedded WebApplicationContext
2025-07-23T21:14:52.853+05:30 2025-07-23 21:14:52 INFO  [main] o.s.b.w.s.c.ServletWebServerApplicationContext:301 - Root WebApplicationContext: initialization completed in 4704 ms
 16512 --- [Auth-Service-API] [main] w.s.c.ServletWebServerApplicationContext : Root WebApplicationContext: initialization completed in 4704 ms
2025-07-23T21:14:53.635+05:30 2025-07-23 21:14:53 INFO  [main] o.h.j.i.u.LogHelper:31 - HHH000204: Processing PersistenceUnitInfo [name: default]
 16512 --- [Auth-Service-API] [main] o.hibernate.jpa.internal.util.LogHelper  : HHH000204: Processing PersistenceUnitInfo [name: default]
2025-07-23T21:14:53.835+05:30 2025-07-23 21:14:53 INFO  [main] o.h.Version:44 - HHH000412: Hibernate ORM core version 6.6.18.Final
 16512 --- [Auth-Service-API] [main] org.hibernate.Version                    : HHH000412: Hibernate ORM core version 6.6.18.Final
2025-07-23T21:14:53.995+05:30 2025-07-23 21:14:53 INFO  [main] o.h.c.i.RegionFactoryInitiator:50 - HHH000026: Second-level cache disabled
 16512 --- [Auth-Service-API] [main] o.h.c.internal.RegionFactoryInitiator    : HHH000026: Second-level cache disabled
2025-07-23T21:14:55.125+05:30 2025-07-23 21:14:55 INFO  [main] o.s.o.j.p.SpringPersistenceUnitInfo:87 - No LoadTimeWeaver setup: ignoring JPA class transformer
 16512 --- [Auth-Service-API] [main] o.s.o.j.p.SpringPersistenceUnitInfo      : No LoadTimeWeaver setup: ignoring JPA class transformer
2025-07-23T21:14:55.195+05:30 2025-07-23 21:14:55 INFO  [main] c.z.h.HikariDataSource:109 - HikariPool-1 - Starting...
 16512 --- [Auth-Service-API] [main] com.zaxxer.hikari.HikariDataSource       : HikariPool-1 - Starting...
2025-07-23T21:14:56.492+05:30 2025-07-23 21:14:56 INFO  [main] c.z.h.p.HikariPool:575 - HikariPool-1 - Added connection com.mysql.cj.jdbc.ConnectionImpl@20a946d9
 16512 --- [Auth-Service-API] [main] com.zaxxer.hikari.pool.HikariPool        : HikariPool-1 - Added connection com.mysql.cj.jdbc.ConnectionImpl@20a946d9
2025-07-23T21:14:56.497+05:30 2025-07-23 21:14:56 INFO  [main] c.z.h.HikariDataSource:122 - HikariPool-1 - Start completed.
 16512 --- [Auth-Service-API] [main] com.zaxxer.hikari.HikariDataSource       : HikariPool-1 - Start completed.
2025-07-23T21:14:56.743+05:30 2025-07-23 21:14:56 INFO  [main] o.h.o.c.pooling:163 - HHH10001005: Database info:
	Database JDBC URL [Connecting through datasource 'HikariDataSource (HikariPool-1)']
	Database driver: undefined/unknown
	Database version: 8.0.41
	Autocommit mode: undefined/unknown
	Isolation level: undefined/unknown
	Minimum pool size: undefined/unknown
	Maximum pool size: undefined/unknown
 16512 --- [Auth-Service-API] [main] org.hibernate.orm.connections.pooling    : HHH10001005: Database info:
	Database JDBC URL [Connecting through datasource 'HikariDataSource (HikariPool-1)']
	Database driver: undefined/unknown
	Database version: 8.0.41
	Autocommit mode: undefined/unknown
	Isolation level: undefined/unknown
	Minimum pool size: undefined/unknown
	Maximum pool size: undefined/unknown
2025-07-23T21:14:58.722+05:30 2025-07-23 21:14:58 INFO  [main] o.h.e.t.j.p.i.JtaPlatformInitiator:59 - HHH000489: No JTA platform available (set 'hibernate.transaction.jta.platform' to enable JTA platform integration)
 16512 --- [Auth-Service-API] [main] o.h.e.t.j.p.i.JtaPlatformInitiator       : HHH000489: No JTA platform available (set 'hibernate.transaction.jta.platform' to enable JTA platform integration)
2025-07-23T21:14:58.839+05:30 2025-07-23 21:14:58 INFO  [main] o.s.o.j.LocalContainerEntityManagerFactoryBean:447 - Initialized JPA EntityManagerFactory for persistence unit 'default'
 16512 --- [Auth-Service-API] [main] j.LocalContainerEntityManagerFactoryBean : Initialized JPA EntityManagerFactory for persistence unit 'default'
2025-07-23T21:14:58.978+05:30 2025-07-23 21:14:58 INFO  [main] o.s.s.c.a.a.c.InitializeUserDetailsBeanManagerConfigurer$InitializeUserDetailsManagerConfigurer:110 - Global AuthenticationManager configured with UserDetailsService bean with name customeUserDetailsService
 16512 --- [Auth-Service-API] [main] r$InitializeUserDetailsManagerConfigurer : Global AuthenticationManager configured with UserDetailsService bean with name customeUserDetailsService
2025-07-23T21:14:59.058+05:30 2025-07-23 21:14:59 WARN  [main] o.s.b.a.o.j.JpaBaseConfiguration$JpaWebConfiguration:258 - spring.jpa.open-in-view is enabled by default. Therefore, database queries may be performed during view rendering. Explicitly configure spring.jpa.open-in-view to disable this warning
 16512 --- [Auth-Service-API] [main] JpaBaseConfiguration$JpaWebConfiguration : spring.jpa.open-in-view is enabled by default. Therefore, database queries may be performed during view rendering. Explicitly configure spring.jpa.open-in-view to disable this warning
2025-07-23T21:14:59.803+05:30 2025-07-23 21:14:59 INFO  [main] o.s.b.a.e.w.EndpointLinksResolver:60 - Exposing 1 endpoint beneath base path '/actuator'
 16512 --- [Auth-Service-API] [main] o.s.b.a.e.web.EndpointLinksResolver      : Exposing 1 endpoint beneath base path '/actuator'
2025-07-23T21:15:00.655+05:30 2025-07-23 21:15:00 INFO  [main] o.s.v.b.OptionalValidatorFactoryBean:48 - Failed to set up a Bean Validation provider: jakarta.validation.NoProviderFoundException: Unable to create a Configuration, because no Jakarta Bean Validation provider could be found. Add a provider like Hibernate Validator (RI) to your classpath.
 16512 --- [Auth-Service-API] [main] o.s.v.b.OptionalValidatorFactoryBean     : Failed to set up a Bean Validation provider: jakarta.validation.NoProviderFoundException: Unable to create a Configuration, because no Jakarta Bean Validation provider could be found. Add a provider like Hibernate Validator (RI) to your classpath.
2025-07-23T21:15:02.316+05:30 2025-07-23 21:15:02 INFO  [main] o.s.b.w.e.t.TomcatWebServer:243 - Tomcat started on port 8080 (http) with context path '/'
 16512 --- [Auth-Service-API] [main] o.s.b.w.embedded.tomcat.TomcatWebServer  : Tomcat started on port 8080 (http) with context path '/'
2025-07-23T21:15:02.430+05:30 2025-07-23 21:15:02 INFO  [main] c.a.s.s.AuthServiceApiApplication:59 - Started AuthServiceApiApplication in 15.891 seconds (process running for 17.0)
 16512 --- [Auth-Service-API] [main] c.a.s.s.AuthServiceApiApplication        : Started AuthServiceApiApplication in 15.891 seconds (process running for 17.0)
2025-07-23T21:15:17.832+05:30 2025-07-23 21:15:17 INFO  [http-nio-8080-exec-1] o.a.c.c.C.[.[.[/]:168 - Initializing Spring DispatcherServlet 'dispatcherServlet'
 16512 --- [Auth-Service-API] [http-nio-8080-exec-1] o.a.c.c.C.[Tomcat].[localhost].[/]       : Initializing Spring DispatcherServlet 'dispatcherServlet'
2025-07-23T21:15:17.834+05:30 2025-07-23 21:15:17 INFO  [http-nio-8080-exec-1] o.s.w.s.DispatcherServlet:532 - Initializing Servlet 'dispatcherServlet'
 16512 --- [Auth-Service-API] [http-nio-8080-exec-1] o.s.web.servlet.DispatcherServlet        : Initializing Servlet 'dispatcherServlet'
2025-07-23T21:15:17.841+05:30 2025-07-23 21:15:17 INFO  [http-nio-8080-exec-1] o.s.w.s.DispatcherServlet:554 - Completed initialization in 5 ms
 16512 --- [Auth-Service-API] [http-nio-8080-exec-1] o.s.web.servlet.DispatcherServlet        : Completed initialization in 5 ms
2025-07-23T21:15:18.443+05:30 2025-07-23 21:15:18 INFO  [http-nio-8080-exec-1] c.a.s.s.c.AuthSecurityController:33 - ---------info------: c1@gmail.com
 16512 --- [Auth-Service-API] [http-nio-8080-exec-1] c.a.s.s.c.AuthSecurityController         : ---------info------: c1@gmail.com
2025-07-23T21:15:51.566+05:30 2025-07-23 21:15:51 INFO  [main] c.a.s.s.AuthServiceApiApplication:53 - Starting AuthServiceApiApplication using Java 21.0.5 with PID 17960 (E:\Practic-2025\Auth-Service-API\target\classes started by kaush in E:\Practic-2025\Auth-Service-API)
 17960 --- [Auth-Service-API] [main] c.a.s.s.AuthServiceApiApplication        : Starting AuthServiceApiApplication using Java 21.0.5 with PID 17960 (E:\Practic-2025\Auth-Service-API\target\classes started by kaush in E:\Practic-2025\Auth-Service-API)
2025-07-23T21:15:51.573+05:30 2025-07-23 21:15:51 INFO  [main] c.a.s.s.AuthServiceApiApplication:658 - The following 1 profile is active: "dev"
 17960 --- [Auth-Service-API] [main] c.a.s.s.AuthServiceApiApplication        : The following 1 profile is active: "dev"
2025-07-23T21:15:54.651+05:30 2025-07-23 21:15:54 INFO  [main] o.s.d.r.c.RepositoryConfigurationDelegate:145 - Bootstrapping Spring Data JPA repositories in DEFAULT mode.
 17960 --- [Auth-Service-API] [main] .s.d.r.c.RepositoryConfigurationDelegate : Bootstrapping Spring Data JPA repositories in DEFAULT mode.
2025-07-23T21:15:54.725+05:30 2025-07-23 21:15:54 INFO  [main] o.s.d.r.c.RepositoryConfigurationDelegate:213 - Finished Spring Data repository scanning in 40 ms. Found 0 JPA repository interfaces.
 17960 --- [Auth-Service-API] [main] .s.d.r.c.RepositoryConfigurationDelegate : Finished Spring Data repository scanning in 40 ms. Found 0 JPA repository interfaces.
2025-07-23T21:15:56.270+05:30 2025-07-23 21:15:56 INFO  [main] o.s.b.w.e.t.TomcatWebServer:111 - Tomcat initialized with port 8080 (http)
 17960 --- [Auth-Service-API] [main] o.s.b.w.embedded.tomcat.TomcatWebServer  : Tomcat initialized with port 8080 (http)
2025-07-23T21:15:56.308+05:30 2025-07-23 21:15:56 INFO  [main] o.a.c.c.StandardService:168 - Starting service [Tomcat]
 17960 --- [Auth-Service-API] [main] o.apache.catalina.core.StandardService   : Starting service [Tomcat]
2025-07-23T21:15:56.311+05:30 2025-07-23 21:15:56 INFO  [main] o.a.c.c.StandardEngine:168 - Starting Servlet engine: [Apache Tomcat/10.1.42]
 17960 --- [Auth-Service-API] [main] o.apache.catalina.core.StandardEngine    : Starting Servlet engine: [Apache Tomcat/10.1.42]
2025-07-23T21:15:56.495+05:30 2025-07-23 21:15:56 INFO  [main] o.a.c.c.C.[.[.[/]:168 - Initializing Spring embedded WebApplicationContext
 17960 --- [Auth-Service-API] [main] o.a.c.c.C.[Tomcat].[localhost].[/]       : Initializing Spring embedded WebApplicationContext
2025-07-23T21:15:56.506+05:30 2025-07-23 21:15:56 INFO  [main] o.s.b.w.s.c.ServletWebServerApplicationContext:301 - Root WebApplicationContext: initialization completed in 4793 ms
 17960 --- [Auth-Service-API] [main] w.s.c.ServletWebServerApplicationContext : Root WebApplicationContext: initialization completed in 4793 ms
2025-07-23T21:15:57.279+05:30 2025-07-23 21:15:57 INFO  [main] o.h.j.i.u.LogHelper:31 - HHH000204: Processing PersistenceUnitInfo [name: default]
 17960 --- [Auth-Service-API] [main] o.hibernate.jpa.internal.util.LogHelper  : HHH000204: Processing PersistenceUnitInfo [name: default]
2025-07-23T21:15:57.419+05:30 2025-07-23 21:15:57 INFO  [main] o.h.Version:44 - HHH000412: Hibernate ORM core version 6.6.18.Final
 17960 --- [Auth-Service-API] [main] org.hibernate.Version                    : HHH000412: Hibernate ORM core version 6.6.18.Final
2025-07-23T21:15:57.515+05:30 2025-07-23 21:15:57 INFO  [main] o.h.c.i.RegionFactoryInitiator:50 - HHH000026: Second-level cache disabled
 17960 --- [Auth-Service-API] [main] o.h.c.internal.RegionFactoryInitiator    : HHH000026: Second-level cache disabled
2025-07-23T21:15:58.376+05:30 2025-07-23 21:15:58 INFO  [main] o.s.o.j.p.SpringPersistenceUnitInfo:87 - No LoadTimeWeaver setup: ignoring JPA class transformer
 17960 --- [Auth-Service-API] [main] o.s.o.j.p.SpringPersistenceUnitInfo      : No LoadTimeWeaver setup: ignoring JPA class transformer
2025-07-23T21:15:58.475+05:30 2025-07-23 21:15:58 INFO  [main] c.z.h.HikariDataSource:109 - HikariPool-1 - Starting...
 17960 --- [Auth-Service-API] [main] com.zaxxer.hikari.HikariDataSource       : HikariPool-1 - Starting...
2025-07-23T21:15:59.613+05:30 2025-07-23 21:15:59 INFO  [main] c.z.h.p.HikariPool:575 - HikariPool-1 - Added connection com.mysql.cj.jdbc.ConnectionImpl@28b2e4d8
 17960 --- [Auth-Service-API] [main] com.zaxxer.hikari.pool.HikariPool        : HikariPool-1 - Added connection com.mysql.cj.jdbc.ConnectionImpl@28b2e4d8
2025-07-23T21:15:59.624+05:30 2025-07-23 21:15:59 INFO  [main] c.z.h.HikariDataSource:122 - HikariPool-1 - Start completed.
 17960 --- [Auth-Service-API] [main] com.zaxxer.hikari.HikariDataSource       : HikariPool-1 - Start completed.
2025-07-23T21:15:59.958+05:30 2025-07-23 21:15:59 INFO  [main] o.h.o.c.pooling:163 - HHH10001005: Database info:
	Database JDBC URL [Connecting through datasource 'HikariDataSource (HikariPool-1)']
	Database driver: undefined/unknown
	Database version: 8.0.41
	Autocommit mode: undefined/unknown
	Isolation level: undefined/unknown
	Minimum pool size: undefined/unknown
	Maximum pool size: undefined/unknown
 17960 --- [Auth-Service-API] [main] org.hibernate.orm.connections.pooling    : HHH10001005: Database info:
	Database JDBC URL [Connecting through datasource 'HikariDataSource (HikariPool-1)']
	Database driver: undefined/unknown
	Database version: 8.0.41
	Autocommit mode: undefined/unknown
	Isolation level: undefined/unknown
	Minimum pool size: undefined/unknown
	Maximum pool size: undefined/unknown
2025-07-23T21:16:02.434+05:30 2025-07-23 21:16:02 INFO  [main] o.h.e.t.j.p.i.JtaPlatformInitiator:59 - HHH000489: No JTA platform available (set 'hibernate.transaction.jta.platform' to enable JTA platform integration)
 17960 --- [Auth-Service-API] [main] o.h.e.t.j.p.i.JtaPlatformInitiator       : HHH000489: No JTA platform available (set 'hibernate.transaction.jta.platform' to enable JTA platform integration)
2025-07-23T21:16:02.607+05:30 2025-07-23 21:16:02 INFO  [main] o.s.o.j.LocalContainerEntityManagerFactoryBean:447 - Initialized JPA EntityManagerFactory for persistence unit 'default'
 17960 --- [Auth-Service-API] [main] j.LocalContainerEntityManagerFactoryBean : Initialized JPA EntityManagerFactory for persistence unit 'default'
2025-07-23T21:16:02.907+05:30 2025-07-23 21:16:02 INFO  [main] o.s.s.c.a.a.c.InitializeUserDetailsBeanManagerConfigurer$InitializeUserDetailsManagerConfigurer:110 - Global AuthenticationManager configured with UserDetailsService bean with name customeUserDetailsService
 17960 --- [Auth-Service-API] [main] r$InitializeUserDetailsManagerConfigurer : Global AuthenticationManager configured with UserDetailsService bean with name customeUserDetailsService
2025-07-23T21:16:03.087+05:30 2025-07-23 21:16:03 WARN  [main] o.s.b.a.o.j.JpaBaseConfiguration$JpaWebConfiguration:258 - spring.jpa.open-in-view is enabled by default. Therefore, database queries may be performed during view rendering. Explicitly configure spring.jpa.open-in-view to disable this warning
 17960 --- [Auth-Service-API] [main] JpaBaseConfiguration$JpaWebConfiguration : spring.jpa.open-in-view is enabled by default. Therefore, database queries may be performed during view rendering. Explicitly configure spring.jpa.open-in-view to disable this warning
2025-07-23T21:16:03.828+05:30 2025-07-23 21:16:03 INFO  [main] o.s.b.a.e.w.EndpointLinksResolver:60 - Exposing 1 endpoint beneath base path '/actuator'
 17960 --- [Auth-Service-API] [main] o.s.b.a.e.web.EndpointLinksResolver      : Exposing 1 endpoint beneath base path '/actuator'
2025-07-23T21:16:04.522+05:30 2025-07-23 21:16:04 INFO  [main] o.s.v.b.OptionalValidatorFactoryBean:48 - Failed to set up a Bean Validation provider: jakarta.validation.NoProviderFoundException: Unable to create a Configuration, because no Jakarta Bean Validation provider could be found. Add a provider like Hibernate Validator (RI) to your classpath.
 17960 --- [Auth-Service-API] [main] o.s.v.b.OptionalValidatorFactoryBean     : Failed to set up a Bean Validation provider: jakarta.validation.NoProviderFoundException: Unable to create a Configuration, because no Jakarta Bean Validation provider could be found. Add a provider like Hibernate Validator (RI) to your classpath.
2025-07-23T21:16:05.381+05:30 2025-07-23 21:16:05 INFO  [main] o.s.b.w.e.t.TomcatWebServer:243 - Tomcat started on port 8080 (http) with context path '/'
 17960 --- [Auth-Service-API] [main] o.s.b.w.embedded.tomcat.TomcatWebServer  : Tomcat started on port 8080 (http) with context path '/'
2025-07-23T21:16:05.424+05:30 2025-07-23 21:16:05 INFO  [main] c.a.s.s.AuthServiceApiApplication:59 - Started AuthServiceApiApplication in 15.146 seconds (process running for 16.077)
 17960 --- [Auth-Service-API] [main] c.a.s.s.AuthServiceApiApplication        : Started AuthServiceApiApplication in 15.146 seconds (process running for 16.077)
2025-07-23T21:16:40.235+05:30 2025-07-23 21:16:40 INFO  [http-nio-8080-exec-1] o.a.c.c.C.[.[.[/]:168 - Initializing Spring DispatcherServlet 'dispatcherServlet'
 17960 --- [Auth-Service-API] [http-nio-8080-exec-1] o.a.c.c.C.[Tomcat].[localhost].[/]       : Initializing Spring DispatcherServlet 'dispatcherServlet'
2025-07-23T21:16:40.237+05:30 2025-07-23 21:16:40 INFO  [http-nio-8080-exec-1] o.s.w.s.DispatcherServlet:532 - Initializing Servlet 'dispatcherServlet'
 17960 --- [Auth-Service-API] [http-nio-8080-exec-1] o.s.web.servlet.DispatcherServlet        : Initializing Servlet 'dispatcherServlet'
2025-07-23T21:16:40.244+05:30 2025-07-23 21:16:40 INFO  [http-nio-8080-exec-1] o.s.w.s.DispatcherServlet:554 - Completed initialization in 4 ms
 17960 --- [Auth-Service-API] [http-nio-8080-exec-1] o.s.web.servlet.DispatcherServlet        : Completed initialization in 4 ms
2025-07-23T21:16:41.114+05:30 2025-07-23 21:16:41 INFO  [http-nio-8080-exec-1] c.a.s.s.c.AuthSecurityController:33 - ---------info------: c1@gmail.com
 17960 --- [Auth-Service-API] [http-nio-8080-exec-1] c.a.s.s.c.AuthSecurityController         : ---------info------: c1@gmail.com
2025-07-23T21:19:16.321+05:30 2025-07-23 21:19:16 INFO  [main] c.a.s.s.AuthServiceApiApplication:53 - Starting AuthServiceApiApplication using Java 21.0.5 with PID 16928 (E:\Practic-2025\Auth-Service-API\target\classes started by kaush in E:\Practic-2025\Auth-Service-API)
 16928 --- [Auth-Service-API] [main] c.a.s.s.AuthServiceApiApplication        : Starting AuthServiceApiApplication using Java 21.0.5 with PID 16928 (E:\Practic-2025\Auth-Service-API\target\classes started by kaush in E:\Practic-2025\Auth-Service-API)
2025-07-23T21:19:16.328+05:30 2025-07-23 21:19:16 INFO  [main] c.a.s.s.AuthServiceApiApplication:658 - The following 1 profile is active: "dev"
 16928 --- [Auth-Service-API] [main] c.a.s.s.AuthServiceApiApplication        : The following 1 profile is active: "dev"
2025-07-23T21:19:19.700+05:30 2025-07-23 21:19:19 INFO  [main] o.s.d.r.c.RepositoryConfigurationDelegate:145 - Bootstrapping Spring Data JPA repositories in DEFAULT mode.
 16928 --- [Auth-Service-API] [main] .s.d.r.c.RepositoryConfigurationDelegate : Bootstrapping Spring Data JPA repositories in DEFAULT mode.
2025-07-23T21:19:19.782+05:30 2025-07-23 21:19:19 INFO  [main] o.s.d.r.c.RepositoryConfigurationDelegate:213 - Finished Spring Data repository scanning in 47 ms. Found 0 JPA repository interfaces.
 16928 --- [Auth-Service-API] [main] .s.d.r.c.RepositoryConfigurationDelegate : Finished Spring Data repository scanning in 47 ms. Found 0 JPA repository interfaces.
2025-07-23T21:19:21.615+05:30 2025-07-23 21:19:21 INFO  [main] o.s.b.w.e.t.TomcatWebServer:111 - Tomcat initialized with port 8080 (http)
 16928 --- [Auth-Service-API] [main] o.s.b.w.embedded.tomcat.TomcatWebServer  : Tomcat initialized with port 8080 (http)
2025-07-23T21:19:22.658+05:30 2025-07-23 21:19:22 INFO  [main] o.a.c.c.StandardService:168 - Starting service [Tomcat]
 16928 --- [Auth-Service-API] [main] o.apache.catalina.core.StandardService   : Starting service [Tomcat]
2025-07-23T21:19:22.661+05:30 2025-07-23 21:19:22 INFO  [main] o.a.c.c.StandardEngine:168 - Starting Servlet engine: [Apache Tomcat/10.1.42]
 16928 --- [Auth-Service-API] [main] o.apache.catalina.core.StandardEngine    : Starting Servlet engine: [Apache Tomcat/10.1.42]
2025-07-23T21:19:22.783+05:30 2025-07-23 21:19:22 INFO  [main] o.a.c.c.C.[.[.[/]:168 - Initializing Spring embedded WebApplicationContext
 16928 --- [Auth-Service-API] [main] o.a.c.c.C.[Tomcat].[localhost].[/]       : Initializing Spring embedded WebApplicationContext
2025-07-23T21:19:22.785+05:30 2025-07-23 21:19:22 INFO  [main] o.s.b.w.s.c.ServletWebServerApplicationContext:301 - Root WebApplicationContext: initialization completed in 6321 ms
 16928 --- [Auth-Service-API] [main] w.s.c.ServletWebServerApplicationContext : Root WebApplicationContext: initialization completed in 6321 ms
2025-07-23T21:19:23.471+05:30 2025-07-23 21:19:23 INFO  [main] o.h.j.i.u.LogHelper:31 - HHH000204: Processing PersistenceUnitInfo [name: default]
 16928 --- [Auth-Service-API] [main] o.hibernate.jpa.internal.util.LogHelper  : HHH000204: Processing PersistenceUnitInfo [name: default]
2025-07-23T21:19:23.634+05:30 2025-07-23 21:19:23 INFO  [main] o.h.Version:44 - HHH000412: Hibernate ORM core version 6.6.18.Final
 16928 --- [Auth-Service-API] [main] org.hibernate.Version                    : HHH000412: Hibernate ORM core version 6.6.18.Final
2025-07-23T21:19:23.719+05:30 2025-07-23 21:19:23 INFO  [main] o.h.c.i.RegionFactoryInitiator:50 - HHH000026: Second-level cache disabled
 16928 --- [Auth-Service-API] [main] o.h.c.internal.RegionFactoryInitiator    : HHH000026: Second-level cache disabled
2025-07-23T21:19:24.521+05:30 2025-07-23 21:19:24 INFO  [main] o.s.o.j.p.SpringPersistenceUnitInfo:87 - No LoadTimeWeaver setup: ignoring JPA class transformer
 16928 --- [Auth-Service-API] [main] o.s.o.j.p.SpringPersistenceUnitInfo      : No LoadTimeWeaver setup: ignoring JPA class transformer
2025-07-23T21:19:24.609+05:30 2025-07-23 21:19:24 INFO  [main] c.z.h.HikariDataSource:109 - HikariPool-1 - Starting...
 16928 --- [Auth-Service-API] [main] com.zaxxer.hikari.HikariDataSource       : HikariPool-1 - Starting...
2025-07-23T21:19:25.656+05:30 2025-07-23 21:19:25 INFO  [main] c.z.h.p.HikariPool:575 - HikariPool-1 - Added connection com.mysql.cj.jdbc.ConnectionImpl@1dd443c1
 16928 --- [Auth-Service-API] [main] com.zaxxer.hikari.pool.HikariPool        : HikariPool-1 - Added connection com.mysql.cj.jdbc.ConnectionImpl@1dd443c1
2025-07-23T21:19:25.662+05:30 2025-07-23 21:19:25 INFO  [main] c.z.h.HikariDataSource:122 - HikariPool-1 - Start completed.
 16928 --- [Auth-Service-API] [main] com.zaxxer.hikari.HikariDataSource       : HikariPool-1 - Start completed.
2025-07-23T21:19:25.961+05:30 2025-07-23 21:19:25 INFO  [main] o.h.o.c.pooling:163 - HHH10001005: Database info:
	Database JDBC URL [Connecting through datasource 'HikariDataSource (HikariPool-1)']
	Database driver: undefined/unknown
	Database version: 8.0.41
	Autocommit mode: undefined/unknown
	Isolation level: undefined/unknown
	Minimum pool size: undefined/unknown
	Maximum pool size: undefined/unknown
 16928 --- [Auth-Service-API] [main] org.hibernate.orm.connections.pooling    : HHH10001005: Database info:
	Database JDBC URL [Connecting through datasource 'HikariDataSource (HikariPool-1)']
	Database driver: undefined/unknown
	Database version: 8.0.41
	Autocommit mode: undefined/unknown
	Isolation level: undefined/unknown
	Minimum pool size: undefined/unknown
	Maximum pool size: undefined/unknown
2025-07-23T21:19:28.043+05:30 2025-07-23 21:19:28 INFO  [main] o.h.e.t.j.p.i.JtaPlatformInitiator:59 - HHH000489: No JTA platform available (set 'hibernate.transaction.jta.platform' to enable JTA platform integration)
 16928 --- [Auth-Service-API] [main] o.h.e.t.j.p.i.JtaPlatformInitiator       : HHH000489: No JTA platform available (set 'hibernate.transaction.jta.platform' to enable JTA platform integration)
2025-07-23T21:19:28.163+05:30 2025-07-23 21:19:28 INFO  [main] o.s.o.j.LocalContainerEntityManagerFactoryBean:447 - Initialized JPA EntityManagerFactory for persistence unit 'default'
 16928 --- [Auth-Service-API] [main] j.LocalContainerEntityManagerFactoryBean : Initialized JPA EntityManagerFactory for persistence unit 'default'
2025-07-23T21:19:28.291+05:30 2025-07-23 21:19:28 INFO  [main] o.s.s.c.a.a.c.InitializeUserDetailsBeanManagerConfigurer$InitializeUserDetailsManagerConfigurer:110 - Global AuthenticationManager configured with UserDetailsService bean with name customeUserDetailsService
 16928 --- [Auth-Service-API] [main] r$InitializeUserDetailsManagerConfigurer : Global AuthenticationManager configured with UserDetailsService bean with name customeUserDetailsService
2025-07-23T21:19:28.406+05:30 2025-07-23 21:19:28 WARN  [main] o.s.b.a.o.j.JpaBaseConfiguration$JpaWebConfiguration:258 - spring.jpa.open-in-view is enabled by default. Therefore, database queries may be performed during view rendering. Explicitly configure spring.jpa.open-in-view to disable this warning
 16928 --- [Auth-Service-API] [main] JpaBaseConfiguration$JpaWebConfiguration : spring.jpa.open-in-view is enabled by default. Therefore, database queries may be performed during view rendering. Explicitly configure spring.jpa.open-in-view to disable this warning
2025-07-23T21:19:29.080+05:30 2025-07-23 21:19:29 INFO  [main] o.s.b.a.e.w.EndpointLinksResolver:60 - Exposing 1 endpoint beneath base path '/actuator'
 16928 --- [Auth-Service-API] [main] o.s.b.a.e.web.EndpointLinksResolver      : Exposing 1 endpoint beneath base path '/actuator'
2025-07-23T21:19:29.458+05:30 2025-07-23 21:19:29 INFO  [main] o.s.v.b.OptionalValidatorFactoryBean:48 - Failed to set up a Bean Validation provider: jakarta.validation.NoProviderFoundException: Unable to create a Configuration, because no Jakarta Bean Validation provider could be found. Add a provider like Hibernate Validator (RI) to your classpath.
 16928 --- [Auth-Service-API] [main] o.s.v.b.OptionalValidatorFactoryBean     : Failed to set up a Bean Validation provider: jakarta.validation.NoProviderFoundException: Unable to create a Configuration, because no Jakarta Bean Validation provider could be found. Add a provider like Hibernate Validator (RI) to your classpath.
2025-07-23T21:19:30.401+05:30 2025-07-23 21:19:30 INFO  [main] o.s.b.w.e.t.TomcatWebServer:243 - Tomcat started on port 8080 (http) with context path '/'
 16928 --- [Auth-Service-API] [main] o.s.b.w.embedded.tomcat.TomcatWebServer  : Tomcat started on port 8080 (http) with context path '/'
2025-07-23T21:19:30.454+05:30 2025-07-23 21:19:30 INFO  [main] c.a.s.s.AuthServiceApiApplication:59 - Started AuthServiceApiApplication in 15.463 seconds (process running for 16.667)
 16928 --- [Auth-Service-API] [main] c.a.s.s.AuthServiceApiApplication        : Started AuthServiceApiApplication in 15.463 seconds (process running for 16.667)
2025-07-23T21:20:01.700+05:30 2025-07-23 21:20:01 INFO  [http-nio-8080-exec-2] o.a.c.c.C.[.[.[/]:168 - Initializing Spring DispatcherServlet 'dispatcherServlet'
 16928 --- [Auth-Service-API] [http-nio-8080-exec-2] o.a.c.c.C.[Tomcat].[localhost].[/]       : Initializing Spring DispatcherServlet 'dispatcherServlet'
2025-07-23T21:20:01.701+05:30 2025-07-23 21:20:01 INFO  [http-nio-8080-exec-2] o.s.w.s.DispatcherServlet:532 - Initializing Servlet 'dispatcherServlet'
 16928 --- [Auth-Service-API] [http-nio-8080-exec-2] o.s.web.servlet.DispatcherServlet        : Initializing Servlet 'dispatcherServlet'
2025-07-23T21:20:01.707+05:30 2025-07-23 21:20:01 INFO  [http-nio-8080-exec-2] o.s.w.s.DispatcherServlet:554 - Completed initialization in 5 ms
 16928 --- [Auth-Service-API] [http-nio-8080-exec-2] o.s.web.servlet.DispatcherServlet        : Completed initialization in 5 ms
2025-07-23T21:20:02.161+05:30 2025-07-23 21:20:02 INFO  [http-nio-8080-exec-2] c.a.s.s.c.AuthSecurityController:33 - ---------info------: c1@gmail.com
 16928 --- [Auth-Service-API] [http-nio-8080-exec-2] c.a.s.s.c.AuthSecurityController         : ---------info------: c1@gmail.com
